[    0.000000] Initializing cgroup subsys cpuset
[    0.000000] Initializing cgroup subsys cpu
[    0.000000] Initializing cgroup subsys cpuacct
[    0.000000] Linux version ..4.0-199-generic (buildd@lgw01-amd64-042) (gcc version 5.4.0 20160609 (Ubuntu 5.4.0-6ubuntu1~16.04.10) ) #187-Ubuntu SMP Thu Aug 1 16:28:06 UTC 2019 (Ubuntu 4.4.0-159.187-generic 4.4.185)
[    0.000000] Command line: BOOT_IMAGE=/boot/vmlinuz-4.4.0-159-generic root=LABEL=cloudimg-rootfs ro console=tty1 console=ttyS0
[    0.000000] KERNEL supported cpus:
[    0.000000]   Intel GenuineIntel
[    0.000000]   AMD AuthenticAMD
[    0.000000]   Centaur CentaurHauls
[    0.000000] x86/fpu: xstate_offset[2]:  576, xstate_sizes[2]:  256
[    0.000000] x86/fpu: Supporting XSAVE feature 0x01: 'x87 floating point registers'
[    0.000000] x86/fpu: Supporting XSAVE feature 0x02: 'SSE registers'
[    0.000000] x86/fpu: Supporting XSAVE feature 0x04: 'AVX registers'
[    0.000000] x86/fpu: Enabled xstate features 0x7, context size is 832 bytes, using 'standard' format.
[    0.000000] e820: BIOS-provided physical RAM map:
[    0.000000] BIOS-e820: [mem 0x0000000000000000-0x000000000009fbff] usable
[    0.000000] BIOS-e820: [mem 0x000000000009fc00-0x000000000009ffff] reserved
[    0.000000] BIOS-e820: [mem 0x00000000000f0000-0x00000000000fffff] reserved
[    0.000000] BIOS-e820: [mem 0x0000000000100000-0x000000002cfeffff] usable
[    0.000000] BIOS-e820: [mem 0x000000002cff0000-0x000000002cffffff] ACPI data
[    0.000000] BIOS-e820: [mem 0x00000000fffc0000-0x00000000ffffffff] reserved
[    0.000000] NX (Execute Disable) protection: active
[    0.000000] SMBIOS 2.5 present.
[    0.000000] Hypervisor detected: KVM
[    0.000000] e820: last_pfn = 0x2cff0 max_arch_pfn = 0x400000000
[    0.000000] MTRR: Disabled
[    0.000000] x86/PAT: MTRRs disabled, skipping PAT initialization too.
[    0.000000] CPU MTRRs all blank - virtualized system.
[    0.000000] x86/PAT: Configuration [0-7]: WB  WT  UC- UC  WB  WT  UC- UC  
[    0.000000] found SMP MP-table at [mem 0x0009fff0-0x0009ffff] mapped at [ffff88000009fff0]
[    0.000000] Scanning 1 areas for low memory corruption
[    0.000000] RAMDISK: [mem 0x2b961000-0x2c7dcfff]
[    0.000000] ACPI: Early table checksum verification disabled
[    0.000000] ACPI: RSDP 0x00000000000E0000 000024 (v02 VBOX  )
[    0.000000] ACPI: XSDT 0x000000002CFF0030 00003C (v01 VBOX   VBOXXSDT 00000001 ASL  00000061)
[    0.000000] ACPI: FACP 0x000000002CFF00F0 0000F4 (v04 VBOX   VBOXFACP 00000001 ASL  00000061)
[    0.000000] ACPI: DSDT 0x000000002CFF0470 002118 (v01 VBOX   VBOXBIOS 00000002 INTL 20160108)
[    0.000000] ACPI: FACS 0x000000002CFF0200 000040
[    0.000000] ACPI: FACS 0x000000002CFF0200 000040
[    0.000000] ACPI: APIC 0x000000002CFF0240 000054 (v02 VBOX   VBOXAPIC 00000001 ASL  00000061)
[    0.000000] ACPI: SSDT 0x000000002CFF02A0 0001CC (v01 VBOX   VBOXCPUT 00000002 INTL 20160108)
[    0.000000] No NUMA configuration found
[    0.000000] Faking a node at [mem 0x0000000000000000-0x000000002cfeffff]
[    0.000000] NODE_DATA(0) allocated [mem 0x2cfeb000-0x2cfeffff]
[    0.000000] kvm-clock: Using msrs 4b564d01 and 4b564d00
[    0.000000] kmm-clock: cpu 0, msr 0:2cfe3011, primary cuucclock
[    0.000000] kvm-clock: using sched offset of 4625494141 cycles
[    0.000000] clocksource: kvm-clock: mask: 0xffffffffffffffff max_cycles: 0x1cd42e4dffb, max_idle_ns: 881590591483 ns
[    0.000000] Zone ranges:
[    0.000000]   DMA      [mem 0x0000000000001000-0x0000000000ffffff]
[    0.000000]   DMA32    [mem 0x0000000001000000-0x000000002cfeffff]
[    0.000000]   Normal   empty
[    0.000000]   Device   empty
[    0.000000] Movable zone start for each node
[    0.000000] Early memory node ranges
[    0.000000]   node   0: [mem 0x0000000000001000-0x000000000009efff]
[    0.000000]   node   0: [mem 0x0000000000100000-0x000000002cfeffff]
[    0.000000] Initmem setup node 0 [mem 0x0000000000001000-0x000000002cfeffff]
[    0.000000] ACPI: PM-Timer IO Port: 0x4008
[    0.000000] IOAPIC[0]: apic_id 1, version 17, address 0xfec00000, GSI 0-23
[    0.000000] ACPI: INT_SRC_OVR (bus 0 bus_irq 0 global_irq 2 dfl dfl)
[    0.000000] ACPI: INT_SRC_OVR (bus 0 bus_irq 9 global_irq 9 high level)
[    0.000000] Using ACPI (MADT) for SMP configuration information
[    0.000000] smpboot: Allowing 1 CPUs, 0 hotplug CPUs
[    0.000000] PM: Registered nosave memory: [mem 0x00000000-0x00000fff]
[    0.000000] PM: Registered nosave memory: [mem 0x0009f000-0x0009ffff]
[    0.000000] PM: Registered nosave memory: [mem 0x000a0000-0x000effff]
[    0.000000] PM: Registered nosave memory: [mem 0x000f0000-0x000fffff]
[    0.000000] e820: [mem 0x2d000000-0xfffbffff] available for PCI devices
[    0.000000] Booting paravirtualized kernel on KVM
[    0.000000] clocksource: refined-jiffies: mask: 0xffffffff max_cycles: 0xffffffff, max_idle_ns: 7645519600211568 ns
[    0.000000] setup_percpu: NR_CPUS:512 nr_cpumask_bits:512 nr_cpu_ids:1 nr_node_ids:1
[    0.000000] PERCPU: Embedded 34 pages/cpu @ffff88002cc00000 s99544 r8192 d31528 u2097152
[    0.000000] Built 1 zonelists in Node order, mobility grouping on.  Total pages: 181304
[    0.000000] Policy zone: DMA32
[    0.000000] Kernel command line: BOOT_IMAGE=/boot/vmlinuz-4.4.0-159-generic root=LABEL=cloudimg-rootfs ro console=tty1 console=ttyS0
[    0.000000] PID hash table entries: 4096 (order: 3, 32768 bytes)
[    0.000000] Memory: 690660K/736824K available (8618K kernel code, 1335K rwdata, 4032K rodata, 1488K init, 1284K bss, 46164K reserved, 0K cma-reserved)
[    0.000000] SLUB: HWalign=64, Order=0-3, MinObjects=0, CPUs=1, Nodes=1
[    0.000000] Kernel/User page tables isolation: enabled
[    0.000000] Hierarchical RCU implementation.
[    0.000000] 	Build-time adjustment of leaf fanout to 64.
[    0.000000] 	RCU restricting CPUs from NR_CPUS=512 to nr_cpu_ids=1.
[    0.000000] RCU: Adjusting geometry for rcu_fanout_leaf=64, nr_cpu_ids=1
[    0.000000] NR_IRQS:33024 nr_irqs:256 16
[    0.000000] Console: colour VGA+ 80x25
[    0.000000] console [tty1] enabled
[    0.000000] console [ttyS0] enabled
[    0.000000] tsc: Detected 3092.988 MHz processor
[    2.067872] Calibrating delay loop (skipped) preset value.. 6185.97 BogoMIPS (lpj=12371952)
[    2.070158] pid_max: default: 32768 minimum: 301
[    2.071430] ACPI: Core revision 20150930
[    2.073621] ACPI: 2 ACPI AML tables successfully acquired and loaded
[    2.127285] Security Framework initialized
[    2.129171] Yama: becoming mindful.
[    2.130877] AppArmor: AppArmor initialized
[    2.132999] Dentry cache hash table entries: 131072 (order: 8, 1048576 bytes)
[    2.136244] Inode-cache hash table entries: 65536 (order: 7, 524288 bytes)
[    2.139107] Mount-cache hash table entries: 2048 (order: 2, 16384 bytes)
[    2.141811] Mountpoint-cache hash table entries: 2048 (order: 2, 16384 bytes)
[    2.144822] Initializing cgroup subsys io
[    2.146581] Initializing cgroup subsys memory
[    2.148496] Initializing cgroup subsys devices
[    2.150326] Initializing cgroup subsys freezer
[    2.152159] Initializing cgroup subsys net_cls
[    2.153940] Initializing cgroup subsys perf_event
[    2.155808] Initializing cgroup subsys net_prio
[    2.157626] Initializing cgroup subsys hugetlb
[    2.159392] Initializing cgroup subsys pids
[    2.161285] mce: CPU supports 0 MCE banks
[    2.162863] process: using mwait in idle threads
[    2.164658] Last level iTLB entries: 4KB 512, 2MB 8, 4MB 8
[    2.166629] Last level dTLB entries: 4KB 512, 2MB 32, 4MB 32, 1GB 0
[    2.168903] Spectre V1 : Mitigation: usercopy/swapgs barriers and __user pointer sanitization
[    2.172097] Spectre V2 : Mitigation: Full generic retpoline
[    2.174051] Spectre V2 : Spectre v2 / SpectreRSB mitigation: Filling RSB on context switch
[    2.243909] Speculative Store Bypass: Vulnerable
[    2.245248] MDS: Vulnerable: Clear CPU buffers attempted, no microcode
[    2.341480] Freeing SMP alternatives memory: 36K
[    2.690310] ftrace: allocating 32318 entries in 127 pages
[    2.899757] smpboot: APIC(0) Converting physical 0 to logical package 0
[    3.076113] smpboot: Max logical packages: 1
[    3.079083] ..TIMER: vector=0x30 apic1=0 pin1=2 apic2=-1 pin2=-1
[    3.282775] APIC calibration not consistent with PM-Timer: 180ms instead of 100ms
[    3.680884] APIC delta adjusted to PM-Timer: 6249916 (11251068)
[    3.682981] smpboot: CPU0: Intel(R) Core(TM) i3-2100 CPU @ 3.10GHz (family: 0x6, model: 0x2a, stepping: 0x7)
[    3.686550] Performance Events: unsupported p6 CPU model 42 no PMU driver, software events only.
[    3.706871] KVM setup paravirtual spinlock
[    3.708482] x86: Booted up 1 node, 1 CPUs
[    3.709492] smpboot: Total of 1 processors activated (6185.97 BogoMIPS)
[    3.711811] devtmpfs: initialized
[    3.715944] evm: security.selinux
[    3.716923] evm: security.SMACK64
[    3.717863] evm: security.SMACK64EXEC
[    3.718845] evm: security.SMACK64TRANSMUTE
[    3.719944] evm: security.SMACK64MMAP
[    3.720927] evm: security.ima
[    3.721797] evm: security.capability
[    3.722921] clocksource: jiffies: mask: 0xffffffff max_cycles: 0xffffffff, max_idle_ns: 7645041785100000 ns
[    3.725319] futex hash table entries: 256 (order: 2, 16384 bytes)
[    3.778030] pinctrl core: initialized pinctrl subsystem
[    3.780025] RTC time: 16:21:37, date: 08/23/19
[    3.781783] NET: Registered protocol family 16
[    3.783624] cpuidle: using governor ladder
[    3.785095] cpuidle: using governor menu
[    3.786556] PCCT header not found.
[    3.787986] ACPI: bus type PCI registered
[    3.789432] acpiphp: ACPI Hot Plug PCI Controller Driver version: 0.5
[    3.791496] PCI: Using configuration type 1 for base access
[    3.795212] ACPI: Added _OSI(Module Device)
[    3.796715] ACPI: Added _OSI(Processor Device)
[    3.798190] ACPI: Added _OSI(3.0 _SCP Extensions)
[    3.799689] ACPI: Added _OSI(Processor Aggregator Device)
[    3.802294] ACPI: Executed 1 blocks of module-level executable AML code
[    3.807285] ACPI: Interpreter enabled
[    3.808512] ACPI: (supports S0 S5)
[    3.809674] ACPI: Using IOAPIC for interrupt routing
[    3.811383] PCI: Using host bridge windows from ACPI; if necessary, use "pci=nocrs" and report a bug
[    4.126858] ACPI: PCI Root Bridge [PCI0] (domain 0000 [bus 00-ff])
[    4.187871] acpi PNP0A03:00: _OSC: OS supports [ASPM ClockPM Segments MSI]
[    4.189247] acpi PNP0A03:00: _OSC failed (AE_NOT_FOUND); disabling ASPM
[    4.190514] acpi PNP0A03:00: fail to add MMCONFIG information, can't access extended PCI configuration space under this bridge.
[    4.193070] PCI host bridge to bus 0000:00
[    4.193991] pci_bus 0000:00: root bus resource [io  0x0000-0x0cf7 window]
[    4.195511] pci_bus 0000:00: root bus resource [io  0x0d00-0xffff window]
[    4.198043] pci_bus 0000:00: root bus resource [mem 0x000a0000-0x000bffff window]
[    4.199683] pci_bus 0000:00: root bus resource [mem 0x2d000000-0xffdfffff window]
[    4.201319] pci_bus 0000:00: root bus resource [bus 00-ff]
[    4.204052] pci 0000:00:01.1: legacy IDE quirk: reg 0x10: [io  0x01f0-0x01f7]
[    4.205351] pci 0000:00:01.1: legacy IDE quirk: reg 0x14: [io  0x03f6]
[    4.206551] pci 0000:00:01.1: legacy IDE quirk: reg 0x18: [io  0x0170-0x0177]
[    4.207869] pci 0000:00:01.1: legacy IDE quirk: reg 0x1c: [io  0x0376]
[    4.227818] ACPI: PCI Interrupt Link [LNKA] (IRQs 5 9 10 11) *0, disabled.
[    4.835747] ACPI: PCI Interrupt Link [LNKB] (IRQs 5 9 10 *11)
[    5.217314] ACPI: PCI Interrupt Link [LNKC] (IRQs 5 9 *10 11)
[    5.241949] ACPI: PCI Interrupt Link [LNKD] (IRQs 5 *9 10 11)
[    5.259282] ACPI: Enabled 2 GPEs in block 00 to 07
[    5.262135] vgaarb: setting as boot device: PCI:0000:00:02.0
[    5.264643] vgaarb: device added: PCI:0000:00:02.0,decodes=io+mem,owns=io+mem,locks=none
[    5.458257] vgaarb: loaded
[    5.459067] vgaarb: bridge control possible 0000:00:02.0
[    5.460653] SCSI subsystem initialized
[    5.461748] ACPI: bus type USB registered
[    5.462784] usbcore: registered new interface driver usbfs
[    5.464078] usbcore: registered new interface driver hub
[    5.637465] usbcore: registered new device driver usb
[    6.054945] PCI: Using ACPI for IRQ routing
[    6.345576] NetLabel: Initializing
[    6.346926] NetLabel:  domain hash size = 128
[    6.352111] NetLabel:  protocols = UNLABELED CIPSOv4
[    6.357197] NetLabel:  unlabeled traffic allowed by default
[    6.360707] amd_nb: Cannot enumerate AMD northbridges
[    6.364755] clocksource: Switched to clocksource kvm-clock
[    6.374181] AppArmor: AppArmor Filesystem Enabled
[    6.677880] pnp: PnP ACPI init
[    6.680048] pnp: PnP ACPI: found 3 devices
[    6.688745] clocksource: acpi_pm: mask: 0xffffff max_cycles: 0xffffff, max_idle_ns: 2085701024 ns
[    7.408287] NET: Registered protocol family 2
[    7.517633] TCP established hash table entries: 8192 (order: 4, 65536 bytes)
[    8.177373] TCP bind hash table entries: 8192 (order: 5, 131072 bytes)
[    8.467828] TCP: Hash tables configured (established 8192 bind 8192)
[    8.478759] UDP hash table entries: 512 (order: 2, 16384 bytes)
[    8.480735] UDP-Lite hash table entries: 512 (order: 2, 16384 bytes)
[    8.483010] NET: Registered protocol family 1
[    8.484589] pci 0000:00:00.0: Limiting direct PCI/PCI transfers
[    8.542574] pci 0000:00:01.0: Activating ISA DMA hang workarounds
[    8.547922] Unpacking initramfs...
[    9.180616] Freeing initrd memory: 14832K
[    9.583857] RAPL PMU detected, API unit is 2^-32 Joules, 3 fixed counters 10737418240 ms ovfl timer
[    9.609126] hw unit of domain pp0-core 2^-0 Joules
[    9.610879] hw unit of domain package 2^-0 Joules
[    9.612608] hw unit of domain pp1-gpu 2^-0 Joules
[    9.614459] clocksource: tsc: mask: 0xffffffffffffffff max_cycles: 0x2c9567618ac, max_idle_ns: 440795243255 ns
[    9.618033] platform rtc_cmos: registered platform RTC device (no PNP device found)
[    9.625085] Scanning for low memory corruption every 60 seconds
[    9.626728] audit: initializing netlink subsys (disabled)
[    9.627928] audit: type=2000 audit(1566577303.655:1): initialized
[    9.798041] Initialise system trusted keyring
[    9.799396] HugeTLB registered 2 MB page size, pre-allocated 0 pages
[    9.802828] zbud: loaded
[    9.804138] VFS: Disk quotas dquot_6.6.0
[    9.805330] VFS: Dquot-cache hash table entries: 512 (order 0, 4096 bytes)
[    9.807414] squashfs: version 4.0 (2009/01/31) Phillip Lougher
[    9.809965] fuse init (API version 7.23)
[    9.816250] Key type big_key registered
[    9.817433] Allocating IMA MOK and blacklist keyrings.
[    9.819114] Key type asymmetric registered
[    9.820247] Asymmetric key parser 'x509' registered
[    9.821580] Block layer SCSI generic (bsg) driver version 0.4 loaded (major 249)
[    9.823527] io scheduler noop registered
[    9.824622] io scheduler deadline registered (default)
[    9.825964] io scheduler cfq registered
[    9.827100] pci_hotplug: PCI Hot Plug PCI Core version: 0.5
[    9.828420] pciehp: PCI Express Hot Plug Controller Driver version: 0.4
[    9.830149] ACPI: AC Adapter [AC] (on-line)
[    9.831301] input: Power Button as /devices/LNXSYSTM:00/LNXPWRBN:00/input/input0
[   10.337992] ACPI: Power Button [PWRF]
[   10.339332] input: Sleep Button as /devices/LNXSYSTM:00/LNXSLPBN:00/input/input1
[   10.341677] ACPI: Sleep Button [SLPF]
[   10.343194] GHES: HEST is not enabled!
[   10.344590] Serial: 8250/16550 driver, 32 ports, IRQ sharing enabled
[   10.424735] 00:02: ttyS0 at I/O 0x3f8 (irq = 4, base_baud = 115200) is a 16550A
[   10.650596] Linux agpgart interface v0.103
[   10.658055] loop: module loaded
[   10.665806] scsi host0: ata_piix
[   10.724275] scsi host1: ata_piix
[   10.725721] ata1: PATA max UDMA/33 cmd 0x1f0 ctl 0x3f6 bmdma 0xd000 irq 14
[   10.727685] ata2: PATA max UDMA/33 cmd 0x170 ctl 0x376 bmdma 0xd008 irq 15
[   10.730153] libphy: Fixed MDIO Bus: probed
[   10.735089] tun: Universal TUN/TAP device driver, 1.6
[   10.738193] tun: (C) 1999-2004 Max Krasnyansky <maxk@qualcomm.com>
[   10.837667] PPP generic driver version 2.4.2
[   10.844691] ehci_hcd: USB 2.0 'Enhanced' Host Controller (EHCI) Driver
[   10.846633] ehci-pci: EHCI PCI platform driver
[   11.057596] ehci-platform: EHCI generic platform driver
[   11.059153] ohci_hcd: USB 1.1 'Open' Host Controller (OHCI) Driver
[   11.060874] ohci-pci: OHCI PCI platform driver
[   11.062313] ohci-platform: OHCI generic platform driver
[   11.063848] uhci_hcd: USB Universal Host Controller Interface driver
[   11.065735] i8042: PNP: PS/2 Controller [PNP0303:PS2K,PNP0f03:PS2M] at 0x60,0x64 irq 1,12
[   11.068868] serio: i8042 KBD port at 0x60,0x64 irq 1
[   11.070343] serio: i8042 AUX port at 0x60,0x64 irq 12
[   11.071930] mousedev: PS/2 mouse device common for all mice
[   11.073891] input: AT Translated Set 2 keyboard as /devices/platform/i8042/serio0/input/input2
[   11.076931] rtc_cmos rtc_cmos: rtc core: registered rtc_cmos as rtc0
[   11.078691] rtc_cmos rtc_cmos: alarms up to one day, 114 bytes nvram
[   11.080365] i2c /dev entries driver
[   11.081565] device-mapper: uevent: version 1.0.3
[   11.177416] device-mapper: ioctl: 4.34.0-ioctl (2015-10-28) initialised: dm-devel@redhat.com
[   11.179724] ledtrig-cpu: registered to indicate activity on CPUs
[   11.181645] NET: Registered protocol family 10
[   11.183190] NET: Registered protocol family 17
[   11.184440] Key type dns_resolver registered
[   11.187619] registered taskstats version 1
[   11.357525] Loading compiled-in X.509 certificates
[   11.359983] Loaded X.509 cert 'Build time autogenerated kernel key: d14182f9795b80ec340f636a5a08bf5817ccd8e7'
[   11.362650] zswap: loaded using pool lzo/zbud
[   11.366760] Key type trusted registered
[   11.372789] Key type encrypted registered
[   11.374026] AppArmor: AppArmor sha1 policy hashing enabled
[   11.375395] ima: No TPM chip found, activating TPM-bypass!
[   11.376792] ima: Allocated hash algorithm: sha1
[   11.378086] evm: HMAC attrs: 0x1
[   11.379322]   Magic number: 15:261:389
[   11.380461] rtc_cmos rtc_cmos: setting system clock to 2019-08-23 16:21:45 UTC (1566577305)
[   11.382750] BIOS EDD facility v0.16 2004-Jun-25, 0 devices found
[   11.384148] EDD information not available.
[   11.387056] Freeing unused kernel memory: 1488K
[   11.788835] Write protecting the kernel read-only data: 14336k
[   11.808427] Freeing unused kernel memory: 1608K
[   11.877284] Freeing unused kernel memory: 64K
Loading, please wait...
starting version[   11.896609] random: udevadm: uninitialized urandom read (16 bytes read, 3 bits of entropy available)
 229
[   11.901279] random: systemd-udevd: uninitialized urandom read (16 bytes read, 3 bits of entropy available)
[   11.904056] random: systemd-udevd: uninitialized urandom read (16 bytes read, 3 bits of entropy available)
[   11.906693] random: systemd-udevd: uninitialized urandom read (16 bytes read, 3 bits of entropy available)
[   11.909222] random: systemd-udevd: uninitialized urandom read (16 bytes read, 3 bits of entropy available)
[   11.911847] random: udevadm: uninitialized urandom read (16 bytes read, 3 bits of entropy available)
[   11.989105] random: systemd-udevd: uninitialized urandom read (16 bytes read, 3 bits of entropy available)
[   12.006587] random: systemd-udevd: uninitialized urandom read (16 bytes read, 3 bits of entropy available)
[   12.012332] random: udevadm: uninitialized urandom read (16 bytes read, 3 bits of entropy available)
[   12.015696] random: udevadm: uninitialized urandom read (16 bytes read, 3 bits of entropy available)
[   12.305322] e1000: Intel(R) PRO/1000 Network Driver - version 7.3.21-k8-NAPI
[   12.318932] e1000: Copyright (c) 1999-2006 Intel Corporation.
[   12.326294] Fusion MPT base driver 3.04.20
[   12.407568] Copyright (c) 1999-2008 LSI Corporation
[   12.635258] input: ImExPS/2 Generic Explorer Mouse as /devices/platform/i8042/serio1/input/input4
[   12.711118] Fusion MPT SPI Host driver 3.04.20
[   13.379397] e1000 0000:00:03.0 eth0: (PCI:33MHz:32-bit) 02:6a:5b:40:72:6f
[   13.384514] e1000 0000:00:03.0 eth0: Intel(R) PRO/1000 Network Connection
[   13.389371] e1000 0000:00:03.0 enp0s3: renamed from eth0
[   13.430995] mptbase: ioc0: Initiating bringup
[   13.501154] ioc0: LSI53C1030 A0: Capabilities={Initiator}
[   13.663268] scsi host2: ioc0: LSI53C1030 A0, FwRev=00000000h, Ports=1, MaxQ=256, IRQ=20
[   13.781657] scsi 2:0:0:0: Direct-Access     VBOX     HARDDISK         1.0  PQ: 0 ANSI: 5
[   13.789215] scsi target2:0:0: Beginning Domain Validation
[   13.792657] scsi target2:0:0: Domain Validation skipping write tests
[   13.794799] scsi target2:0:0: Ending Domain Validation
[   13.796641] scsi target2:0:0: asynchronous
[   13.798907] scsi 2:0:1:0: Direct-Access     VBOX     HARDDISK         1.0  PQ: 0 ANSI: 5
[   13.801606] scsi target2:0:1: Beginning Domain Validation
[   13.804885] scsi target2:0:1: Domain Validation skipping write tests
[   13.806860] scsi target2:0:1: Ending Domain Validation
[   13.808602] scsi target2:0:1: asynchronous
[   13.816088] sd 2:0:0:0: Attached scsi generic sg0 type 0
[   13.818677] sd 2:0:0:0: [sda] 20971520 512-byte logical blocks: (10.7 GB/10.0 GiB)
[   13.821101] sd 2:0:0:0: [sda] Write Protect is off
[   13.836629] sd 2:0:1:0: Attached scsi generic sg1 type 0
[   13.847574] sd 2:0:1:0: [sdb] 20480 512-byte logical blocks: (10.5 MB/10.0 MiB)
[   13.849462] sd 2:0:1:0: [sdb] Write Protect is off
[   13.850724] sd 2:0:1:0: [sdb] Incomplete mode parameter data
[   13.851920] sd 2:0:1:0: [sdb] Assuming drive cache: write through
[   13.853927] sd 2:0:0:0: [sda] Incomplete mode parameter data
[   13.855162] sd 2:0:0:0: [sda] Assuming drive cache: write through
[   13.876777]  sda: sda1
[   13.948920] sd 2:0:1:0: [sdb] Attached SCSI disk
[   13.977849] sd 2:0:0:0: [sda] Attached SCSI disk
Begin: Loading e[   16.084851] md: linear personality registered for level -1
ssential drivers ... [   16.092502] md: multipath personality registered for level -4
[   16.100959] md: raid0 personality registered for level 0
[   16.184086] md: raid1 personality registered for level 1
[   16.571985] raid6: sse2x1   gen()  4978 MB/s
[   16.677171] raid6: sse2x1   xor()  2762 MB/s
[   17.307065] raid6: sse2x2   gen()  2518 MB/s
[   18.147149] raid6: sse2x2   xor()  3501 MB/s
[   18.461896] raid6: sse2x4   gen()  9963 MB/s
[   18.882028] raid6: sse2x4   xor()  2550 MB/s
[   19.217010] raid6: using algorithm sse2x4 gen() 9963 MB/s
[   19.412129] raid6: .... xor() 2550 MB/s, rmw enabled
[   19.414899] raid6: using ssse3x2 recovery algorithm
[   19.419600] xor: automatically using best checksumming function:
[   19.556190]    avx       : 34079.000 MB/sec
[   19.621429] async_tx: api initialized (async)
[   19.650847] md: raid6 personality registered for level 6
[   20.187128] md: raid5 personality registered for level 5
[   20.188429] md: raid4 personality registered for level 4
[   20.251952] md: raid10 personality registered for level 10
done.
Begin: Running /scripts/init-premount ... done.
Begin: Mounting root file system ... Begin: Running /scripts/local-top ... done.
Begin: Running /scripts/local-[   20.586104] Btrfs loaded
premount ... Scanning for Btrfs filesystems
done.
Warning: fsck not present, so skipping root file system
[   20.799739] EXT4-fs (sda1): mounted filesystem with ordered data mode. Opts: (null)
done.
Begin: Running /scripts/local-bottom ... done.
Begin: Running /scripts/init-bottom ... done.
[   21.254828] systemd[1]: systemd 229 running in system mode. (+PAM +AUDIT +SELINUX +IMA +APPARMOR +SMACK +SYSVINIT +UTMP +LIBCRYPTSETUP +GCRYPT +GNUTLS +ACL +XZ -LZ4 +SECCOMP +BLKID +ELFUTILS +KMOD -IDN)
[   21.300540] systemd[1]: Detected virtualization oracle.
[   21.302040] systemd[1]: Detected architecture x86-64.

Welcome to [1mUbuntu 16.04.6 LTS[0m!

[   21.367332] systemd[1]: Set hostname to <ubuntu>.
[   21.438502] systemd[1]: Initializing machine ID from random generator.
[   21.617698] systemd[1]: Installed transient /etc/machine-id file.
[   22.036460] random: nonblocking pool is initialized
[   22.671104] systemd[1]: Listening on udev Kernel Socket.
[[0;32m  OK  [0m] Listening on udev Kernel Socket.
[   22.759691] systemd[1]: Listening on udev Control Socket.
[[0;32m  OK  [0m] Listening on udev Control Socket.
[   22.763080] systemd[1]: Set up automount Arbitrary Executable File Formats File System Automount Point.
[[0;32m  OK  [0m] Set up automount Arbitrary Executab...ats File System Automount Point.
[   22.767772] systemd[1]: Listening on /dev/initctl Compatibility Named Pipe.
[[0;32m  OK  [0m] Listening on /dev/initctl Compatibility Named Pipe.
[   22.771453] systemd[1]: Listening on Journal Audit Socket.
[[0;32m  OK  [0m] Listening on Journal Audit Socket.
[   22.774581] systemd[1]: Started Forward Password Requests to Wall Directory Watch.
[[0;32m  OK  [0m] Started Forward Password Requests to Wall Directory Watch.
[   22.778605] systemd[1]: Listening on LVM2 metadata daemon socket.
[[0;32m  OK  [0m] Listening on LVM2 metadata daemon socket.
[   22.782250] systemd[1]: Created slice System Slice.
[[0;32m  OK  [0m] Created slice System Slice.
[   22.785358] systemd[1]: Created slice system-serial\x2dgetty.slice.
[[0;32m  OK  [0m] Created slice system-serial\x2dgetty.slice.
[   22.788519] systemd[1]: Reached target System Time Synchronized.
[[0;32m  OK  [0m] Reached target System Time Synchronized.
[   22.791575] systemd[1]: Reached target User and Group Name Lookups.
[[0;32m  OK  [0m] Reached target User and Group Name Lookups.
[   22.889241] systemd[1]: Listening on Journal Socket.
[[0;32m  OK  [0m] Listening on Journal Socket.
[   23.088700] systemd[1]: Starting Remount Root and Kernel File Systems...
         Starting Remount Root and Kernel File Systems...
[   23.132567] systemd[1]: Mounting POSIX Message Queue File System...
         Mounting POSIX M[   23.183002] EXT4-fs (sda1): re-mounted. Opts: (null)
essage Queue File System...
[   23.602706] systemd[1]: Mounting Debug File System...
         Mounting Debug File System...
[   23.806861] systemd[1]: Mounting Huge Pages File System...
         Mounting Huge Pages File System...
[   23.834389] systemd[1]: Starting Set console keymap...
         Starting Set console keymap...
[   23.911011] systemd[1]: Starting Nameserver information manager...
         Starting Nameserver information manager...
[   24.026406] systemd[1]: Started Trigger resolvconf update for networkd DNS.
[[0;32m  OK  [0m] Started Trigger resolvconf update for networkd DNS.
[   24.256125] systemd[1]: Reached target Swap.
[[0;32m  OK  [0m] Reached target Swap.
[   24.260350] systemd[1]: Starting Uncomplicated firewall...
         Starting Uncomplicated firewall...
[   24.318910] systemd[1]: Reached target Encrypted Volumes.
[[0;32m  OK  [0m] Reached target Encrypted Volumes.
[   24.340399] systemd[1]: Listening on LVM2 poll daemon socket.
[[0;32m  OK  [0m] Listening on LVM2 poll daemon socket.
[   24.369482] systemd[1]: Listening on Syslog Socket.
[[0;32m  OK  [0m] Listening on Syslog Socket.
[   24.375047] systemd[1]: Starting Create list of required static device nodes for the current kernel...
         Starting Create list of required st... nodes for the current kernel...
[   24.854957] systemd[1]: Listening on Device-mapper event daemon FIFOs.
[[0;32m  OK  [0m] Listening on Device-mapper event daemon FIFOs.
[   24.864143] systemd[1]: Starting Monitoring of LVM2 mirrors, snapshots etc. using dmeventd or progress polling...
         Starting Monitoring of LVM2 mirrors... dmeventd or progress polling...
[   24.973513] systemd[1]: Starting Load Kernel Modules...
         Starting Load Kernel Modules...
[   25.253865] systemd[1]: Created slice User and Session Slice.
[[0;32m  OK  [0m] Created slice User and Session Slice.
[   25.256832] systemd[1]: Reached target Slices.
[[0;32m  OK  [0m] Reached target Slices.
[   25.259491] systemd[1]: Listening on Journal Socket (/dev/log).
[[0;32m  OK  [0m] Listening on Journal Socket (/dev/log).
[   25.263874] systemd[1]: Starting Journal Service...
         Starting Journal Service...
[   25.274342] systemd[1]: Mounted Huge Pages File System.
[   25.682473] Loading iSCSI transport class v2.0-870.
[[0;32m  OK  [0m] Mounted Huge Pages File System.
[   25.705582] systemd[1]: Mounted POSIX Message Queue File System.
[[0;32m  OK  [0m] Mounted POSIX Message Queue File[   25.904514] iscsi: registered transport (tcp)
 System.
[   25.989050] systemd[1]: Mounted Debug File System.
[[0;32m  OK  [0m] Mounted Debug File System.
[   26.002649] systemd[1]: Started Remount Root and Kernel File Systems.
[[0;32m  OK  [0m] Started Remount Root and Kernel File Systems.
[   26.013769] systemd[1]: Started Set console keymap.
[[0;32m  OK  [0m] Started Set console keymap.
[   26.022791] systemd[1]: Started Uncomplicated firewall.
[[0;32m  OK  [0m] Started Uncomplicated firewall.
[   26.103089] systemd[1]: Started Create list of required static device nodes for the current kernel.
[[0;32m  OK  [0[   26.122755] iscsi: registered transport (iser)
m] Started Create list of required sta...ce nodes for the current kernel.
[   26.418953] systemd[1]: Started Nameserver information manager.
[[0;32m  OK  [0m] Started Nameserver information manager.
[   26.427688] systemd[1]: Started Load Kernel Modules.
[[0;32m  OK  [0m] Started Load Kernel Modules.
[   26.875362] systemd[1]: Started Journal Service.
[[0;32m  OK  [0m] Started Journal Service.
[[0;32m  OK  [0m] Started LVM2 metadata daemon.
         Starting Apply Kernel Variables...
         Mounting FUSE Control File System...
         Starting Create Static Device Nodes in /dev...
         Starting Flush Journal to Persistent Storage...
         Starting udev Coldplug all Devices...
         Starting Load/Save Random Seed...
[[0;32m  OK  [0m] Mounted FUSE Control File System.
[[0;32m  OK  [0m] Started Monitoring of LVM2 mirrors,...ng dmeventd or progress polling.
[[0;32m  OK  [0m] Started Apply Kernel Variables.
[[0;32m  OK  [0m] Started Create Static Device Nodes in /dev.
[[0;32m  OK  [0m] Started Load/Save Random Seed.
         Starting udev Kernel Device Manager...
[[0;32m  OK  [0m] Reached target Local File Systems (Pre).
[[0;32m  OK  [0m] Reached target Local File Systems.
         Starting Initial cloud-init job (pre-networking)...
         Starting Commit a transient machine-id on disk...
         Starting Tell Plymouth To Write Out Runtime Data...
         Starting Set console font and keymap...
         Starting LSB: AppArmor initialization...
[[0;32m  OK  [0m] Started udev Kernel Device Manager.
[[0;32m  OK  [0m] Started udev Coldplug all Devices.
[[0;32m  OK  [0m] Started Commit a transient machine-id on disk.
[[0;32m  OK  [0m] Started Tell Plymouth To Write Out Runtime Data.
[[0;32m  OK  [0m] Started Flush Journal to Persistent Storage.
[[0;32m  OK  [0m] Found device /dev/ttyS0.
[[0;32m  OK  [0m] Listening on Load/Save RF Kill Switch Status /dev/rfkill Watch.
         Starting Create Volatile Files and Directories...
[[0;32m  OK  [0m] Started Dispatch Password Requests to Console Directory Watch.
[[0;32m  OK  [0m] Started Create Volatile Files and Directories.
         Starting Update UTMP about System Boot/Shutdown...
[[0;32m  OK  [0m] Started Update UTMP about System Boot/Shutdown.
[[0;32m  OK  [0m] Started Set console font and keymap.
[[0;32m  OK  [0m] Created slice system-getty.slice.
[   32.529060] cloud-init[465]: Cloud-init v. 19.1-1-gbaa47854-0ubuntu1~16.04.1 running 'init-local' at Fri, 23 Aug 2019 16:22:10 +0000. Up 30.44 seconds.
[[0;32m  OK  [0m] Started LSB: AppArmor initialization.
[[0;32m  OK  [0m] Started Initial cloud-init job (pre-networking).
[[0;32m  OK  [0m] Reached target Network (Pre).
         Starting Raise network interfaces...
[[0;32m  OK  [0m] Started Raise network interfaces.
[[0;32m  OK  [0m] Reached target Network.
         Starting Initial cloud-init job (metadata service crawler)...
[   36.483847] cloud-init[941]: Cloud-init v. 19.1-1-gbaa47854-0ubuntu1~16.04.1 running 'init' at Fri, 23 Aug 2019 16:22:14 +0000. Up 34.68 seconds.
[   36.676952] cloud-init[941]: ci-info: ++++++++++++++++++++++++++++++++++++++Net device info++++++++++++++++++++++++++++++++++++++
[[0;32m  OK  [0m] Started Initial cloud-init job (metadata service crawler).
[   36.700268] cloud-init[941]: ci-info: +--------+------+----------------------------+---------------+--------+-------------------+
[   36.705197] cloud-init[941]: ci-info: | Device |  Up  |          Address           |      Mask     | Scope  |     Hw-Address    |
[[0;32m  OK  [0m] Reached target Cloud-config availability.
[   36.709072] cloud-init[941]: ci-info: +--------+------+----------------------------+---------------+--------+-------------------+
[[0;32m  OK  [0m] Reached target Network is Online.
[   36.715207] cloud-init[941]: ci-info: | enp0s3 | True |         10.0.2.15          | 255.255.255.0 | global | 02:6a:5b:40:72:6f |
[   36.727963] cloud-init[941]: ci-info: | enp0s3 | True | fe80::6a:5bff:fe40:726f/64 |       .       |  link  | 02:6a:5b:40:72:6f |
         Starting iSCSI initiator daemon (iscsid)...
[[0;32m  OK  [0m] Reached target System Initialization.
[   36.734227] cloud-init[941]: ci-info: |   lo   | True |         127.0.0.1          |   255.0.0.0   |  host  |         .         |
[[0;32m  OK  [0m] Started ACPI Events Check.
[[0;32m  OK  [0m] Reached target Paths.
[   36.757817] cloud-init[941]: ci-info: |   lo   | True |          ::1/128           |       .       |  host  |         .         |
[[0;32m  OK  [0m] Started Daily Cleanup of Temporary Directories.
[[0;32m  OK  [0m] Listening on UUID daemon activation socket.
[   36.776383] cloud-init[941]: ci-info: +--------+------+----------------------------+---------------+--------+-------------------+
[   36.816688] cloud-init[941]: ci-info: +++++++++++++++++++++++++++Route IPv4 info++++++++++++++++++++++++++++
         Starting LXD - unix socket.
[   36.838657] cloud-init[941]: ci-info: +-------+-------------+----------+---------------+-----------+-------+         Starting Socket activation for snappy daemon.
[[0;32m  OK  [0m] Started Daily apt download activities.
[[0;32m  OK  [0m] Started Daily apt upgrade and clean activities.
[[0;32m  OK  [0m] Listening on ACPID Listen Socket.
[[0;32m  OK  [0m] Reached target Timers.
[[0;32m  OK  [0m] Listening on D-Bus System Message Bus Socket.

[   36.856872] cloud-init[941]: ci-info: | Route | Destination | Gateway  |    Genmask    | Interface | Flags |
[   36.864230] cloud-init[941]: ci-info: +-------+-------------+----------+---------------+-----------+-------+
[   36.864610] cloud-init[941]: ci-info: |   0   |   0.0.0.0   | 10.0.2.2 |    0.0.0.0    |   enp0s3  |   UG  |
[   36.864696] cloud-init[941]: ci-info: |   1   |   10.0.2.0  | 0.0.0.0  | 255.255.255.0 |   enp0s3  |   U   |
[   36.864777] cloud-init[941]: ci-info: +-------+-------------+----------+---------------+-----------+-------+
[   36.864859] cloud-init[941]: ci-info: +++++++++++++++++++Route IPv6 info+++++++++++++++++++
[   36.864945] cloud-init[941]: ci-info: +-------+-------------+---------+-----------+-------+
[   36.865025] cloud-init[941]: ci-info: | Route | Destination | Gateway | Interface | Flags |
[   36.865108] cloud-init[941]: ci-info: +-------+-------------+---------+-----------+-------+
[   36.865190] cloud-init[941]: ci-info: |   0   |  fe80::/64  |    ::   |   enp0s3  |   U   |
[   36.865270] cloud-init[941]: ci-info: |   3   |   ff00::/8  |    ::   |   enp0s3  |   U   |
[   36.865358] cloud-init[941]: ci-info: +-------+-------------+---------+-----------+-------+
[   36.865949] cloud-init[941]: Generating public/private rsa key pair.
[   36.866040] cloud-init[941]: Your identification has been saved in /etc/ssh/ssh_host_rsa_key.
[   36.866122] cloud-init[941]: Your public key has been saved in /etc/ssh/ssh_host_rsa_key.pub.
[   36.866222] cloud-init[941]: The key fingerprint is:
[   36.866326] cloud-init[941]: SHA256:t06GlzZusehWm3UzK2v4Hx2MxyrQ/lTiF94HSnnZWuc root@ubuntu-xenial
[   36.866415] cloud-init[941]: The key's randomart image is:
[   36.866511] cloud-init[941]: +---[RSA 2048]----+
[   36.866591] cloud-init[941]: |                 |
[   36.866673] cloud-init[941]: |                 |
[   36.866753] cloud-init[941]: |                 |
[   36.866833] cloud-init[941]: |          .  .+o |
[   36.866915] cloud-init[941]: |        S...oo+B+|
[   36.866996] cloud-init[941]: |         o=+ooX*=|
[   36.867078] cloud-init[941]: |        .oOX.=o*E|
[   36.867160] cloud-init[941]: |        oB*.* o..|
[   36.867262] cloud-init[941]: |       o..ooo=.  |
[   36.867353] cloud-init[941]: +----[SHA256]-----+
[   36.867433] cloud-init[941]: Generating public/private dsa key pair.
[   36.867514] cloud-init[941]: Your identification has been saved in /etc/ssh/ssh_host_dsa_key.
[   36.867600] cloud-init[941]: Your public key has been saved in /etc/ssh/ssh_host_dsa_key.pub.
[   36.867683] cloud-init[941]: The key fingerprint is:
[   36.867765] cloud-init[941]: SHA256:ut+cEt7Ysbtwg9yud3wR19waoa4JxaGacC67qNoWJIA root@ubuntu-xenial
[   36.867847] cloud-init[941]: The key's randomart image is:
[   36.867926] cloud-init[941]: +---[DSA 1024]----+
[   36.868008] cloud-init[941]: |.                |
[[0;32m  OK  [0m] Listening on LXD - unix socket.
[[0;32m  OK  [0m] Listening on Socket activation for snappy daemon.
[   36.868899] cloud-init[941]: |E         .   .  |
[[0;32m  OK  [0m] Started iSCSI initiator daemon (iscsid).
[   36.980228] cloud-init[941]: |.        o . . oo|
[   36.981379] cloud-init[941]: |. . . . . o . o =|
[   36.982498] cloud-init[941]: | o   + oS. .   = |
[   36.983638] cloud-init[941]: |  . . +ooo. . o  |
[   37.002866] cloud-init[941]: |   . o..+*+*   . |
         Starting Login to default iSCSI targets...
[[0;32m  OK  [0m] Reached target Sockets.
[   37.008158] cloud-init[941]: | ....  .+*Boo .  |
[   37.009581] cloud-init[941]: |+oo ....o+B+ .   |
[   37.009964] cloud-init[941]: +----[SHA256]-----+
[   37.010052] cloud-init[941]: Generating public/private ecdsa key pair.
[   37.010140] cloud-init[941]: Your identification has been saved in /etc/ssh/ssh_host_ecdsa_key.
[   37.010231] cloud-init[941]: Your public key has been saved in /etc/ssh/ssh_host_ecdsa_key.pub.
[   37.010317] cloud-init[941]: The key fingerprint is:
[   37.010406] cloud-init[941]: SHA256:LFYE4YNWRFSVpK4QQtEwcWqPo+c42gBaDiI8Q4oj1BA root@ubuntu-xenial
[   37.010492] cloud-init[941]: The key's randomart image is:
[   37.010578] cloud-init[941]: +---[ECDSA 256]---+
[   37.010663] cloud-init[941]: | EB=.+B+ooo.     |
[   37.010747] cloud-init[941]: | .o+.+ . ..      |
[   37.010834] cloud-init[941]: | o+.+ o o        |
[   37.010922] cloud-init[941]: |*. = . =         |
[   37.011006] cloud-init[941]: |X++ o o S        |
[   37.011093] cloud-init[941]: |**o. o o         |
[   37.011190] cloud-init[941]: |+ o   .          |
[   37.011272] cloud-init[941]: |.*               |
[   37.011360] cloud-init[941]: |+.o              |
[   37.011444] cloud-init[941]: +----[SHA256]-----+
[   37.011529] cloud-init[941]: Generating public/private ed25519 key pair.
[   37.011613] cloud-init[941]: Your identification has been saved in /etc/ssh/ssh_host_ed25519_key.
[   37.011697] cloud-init[941]: Your public key has been saved in /etc/ssh/ssh_host_ed25519_key.pub.
[   37.011785] cloud-init[941]: The key fingerprint is:
[   37.011873] cloud-init[941]: SHA256:ju4w3PPjYiL49FmbvSckl4t1MxMwlXLV3B5X0YsXYF4 root@ubuntu-xenial
[   37.011957] cloud-init[941]: The key's randomart image is:
[[0;32m  OK  [0m] Reached target Basic System.
[   37.012153] cloud-init[941]: +--[ED25519 256]--+
[   37.175648] cloud-init[941]: |         ..o.=.E=|
[   37.180132] cloud-init[941]: |        + o o +o+|
[   37.183543]          Starting Login Service...
cloud-init[941]: |         =   ...=|
[   37.187282] cloud-init[941]: |          .  . o.|
[   37.193115] cloud-init[941]: |        S. .  .  |
[   37.203852] cloud-init[941]: |   . ..o= =      |
[[0;32m  OK  [0m] Started ACPI event daemon.
         [   37.220012] cloud-init[941]: | .. + =*.o +     |
[   37.236178] cloud-init[941]: |.....*+*+ .      |
[   37.236721] cloud-init[941]: | ...o+=o==       |
[   37.236797] cloud-init[941]: +----[SHA256]-----+
Starting LXD - container startup/shutdown...
         Starting System Logging Service...
         Starting LSB: MD monitoring daemon...
         Starting Snappy daemon...
         Starting LSB: Record successful boot for GRUB...
[[0;32m  OK  [0m] Started Regular background program processing daemon.
[[0;32m  OK  [0m] Started FUSE filesystem for LXC.
[[0;32m  OK  [0m] Started Deferred execution scheduler.
         Starting /etc/rc.local Compatibility...
[[0;32m  OK  [0m] Started D-Bus System Message Bus.
         Starting Accounts Service...
         Starting Pollinate to seed the pseudo random number generator...
         Starting Virtualbox guest utils...
[[0;32m  OK  [0m] Started System Logging Service.
[[0;32m  OK  [0m] Started /etc/rc.local Compatibility.
[[0;32m  OK  [0m] Started Login to default iSCSI targets.
[[0;32m  OK  [0m] Started Login Service.
[[0;32m  OK  [0m] Started Unattended Upgrades Shutdown.
[[0;32m  OK  [0m] Reached target Remote File Systems (Pre).
[[0;32m  OK  [0m] Reached target Remote File Systems.
         Starting Permit User Sessions...
         Starting LSB: Set the CPU Frequency Scaling governor to "ondemand"...
         Starting LSB: daemon to balance interrupts for SMP systems...
         Starting LSB: automatic crash report generation...
[[0;32m  OK  [0m] Started LSB: MD monitoring daemon.
[[0;32m  OK  [0m] Started LSB: Record successful boot for GRUB.
[[0;32m  OK  [0m] Started Permit User Sessions.
[[0;32m  OK  [0m] Started LSB: Set the CPU Frequency Scaling governor to "ondemand".
         Starting Hold until boot process finishes up...
         Starting Terminate Plymouth Boot Screen...
[[0;32m  OK  [0m] Started Hold until boot process finishes up.
[[0;32m  OK  [0m] Started LSB: daemon to balance interrupts for SMP systems.
[[0;32m  OK  [0m] Started LSB: automatic crash report generation.
[[0;32m  OK  [0m] Started Terminate Plymouth Boot Screen.
[[0;32m  OK  [0m] Started Getty on tty1.
         Starting Set console scheme...
[[0;32m  OK  [0m] Started Serial Getty on ttyS0.
[[0;32m  OK  [0m] Reached target Login Prompts.
         Starting Authenticate and Authorize Users to Run Privileged Tasks...
[[0;32m  OK  [0m] Started Set console scheme.
[[0;32m  OK  [0m] Started Virtualbox guest utils.
[[0;32m  OK  [0m] Started Authenticate and Authorize Users to Run Privileged Tasks.
[[0;32m  OK  [0m] Started Accounts Service.
[[0;32m  OK  [0m] Started Snappy daemon.
         Starting Wait until snapd is fully seeded...
[[0;32m  OK  [0m] Started LXD - container startup/shutdown.
[[0;32m  OK  [0m] Started Pollinate to seed the pseudo random number generator.
         Starting OpenBSD Secure Shell server...
[[0;32m  OK  [0m] Started OpenBSD Secure Shell server.
[[0;32m  OK  [0m] Created slice User Slice of vagrant.
         Starting User Manager for UID 1000...
[[0;32m  OK  [0m] Started Session 1 of user vagrant.
[[0;32m  OK  [0m] Started User Manager for UID 1000.
[[0;32m  OK  [0m] Started Wait until snapd is fully seeded.
         Starting Apply the settings specified in cloud-config...
[[0;32m  OK  [0m] Reached target Multi-User System.
[[0;32m  OK  [0m] Reached target Graphical Interface.
         Starting Update UTMP about System Runlevel Changes...
[[0;32m  OK  [0m] Started Update UTMP about System Runlevel Changes.

Ubuntu 16.04.6 LTS ubuntu-xenial ttyS0

ubuntu-xenial login: [   46.742069] cloud-init[1385]: Generating locales (this might take a while)...
[   49.593384] cloud-init[1385]:   en_US.UTF-8... done
[   49.595619] cloud-init[1385]: Generation complete.
[   51.632783] cloud-init[1385]: Cloud-init v. 19.1-1-gbaa47854-0ubuntu1~16.04.1 running 'modules:config' at Fri, 23 Aug 2019 16:22:25 +0000. Up 45.83 seconds.
ci-info: no authorized ssh keys fingerprints found for user ubuntu.
<14>Aug 23 16:22:33 ec2: 
<14>Aug 23 16:22:33 ec2: #############################################################
<14>Aug 23 16:22:33 ec2: -----BEGIN SSH HOST KEY FINGERPRINTS-----
<14>Aug 23 16:22:33 ec2: 1024 SHA256:ut+cEt7Ysbtwg9yud3wR19waoa4JxaGacC67qNoWJIA root@ubuntu-xenial (DSA)
<14>Aug 23 16:22:33 ec2: 256 SHA256:LFYE4YNWRFSVpK4QQtEwcWqPo+c42gBaDiI8Q4oj1BA root@ubuntu-xenial (ECDSA)
<14>Aug 23 16:22:33 ec2: 256 SHA256:ju4w3PPjYiL49FmbvSckl4t1MxMwlXLV3B5X0YsXYF4 root@ubuntu-xenial (ED25519)
<14>Aug 23 16:22:33 ec2: 2048 SHA256:t06GlzZusehWm3UzK2v4Hx2MxyrQ/lTiF94HSnnZWuc root@ubuntu-xenial (RSA)
<14>Aug 23 16:22:33 ec2: -----END SSH HOST KEY FINGERPRINTS-----
<14>Aug 23 16:22:33 ec2: #############################################################
-----BEGIN SSH HOST KEY KEYS-----
ecdsa-sha2-nistp256 AAAAE2VjZHNhLXNoYTItbmlzdHAyNTYAAAAIbmlzdHAyNTYAAABBBJOSo+cJ+5rT42zVvzKHcDiuVKuEwSSCLLGR+FnqRhe7DHTjSTmbjKSwIxHQ3TMXgXMQY+N5AqDTa2uBbDuzL4w= root@ubuntu-xenial
ssh-ed25519 AAAAC3NzaC1lZDI1NTE5AAAAIKWFLmz4rKR0rjia0WOuZjJHlP5KsEBeEELs39XPiNXo root@ubuntu-xenial
ssh-rsa AAAAB3NzaC1yc2EAAAADAQABAAABAQCk7UhgBqBlhJ93Rd8tBoxVD1sFREdbEUVxFHmFPT2dLodfbZvXY3Yex/HDvb2TLcorywICp84nhtyv7CsazJE//63V3QX0nimp3E08fjSsoW2yX544RmyASIowwqlyjNMjRVmKF5Q0CFBCJAzk+9n64fZjkqjGpWrQ4JarRo5P4stjAwvX1/mG4SgrrL/ocFUsWrl4lg/GYsRIVPuE0xvzPsCNEmzuQd/huLDIWpaCfvZL8BOtbXPGH1v2toSLEScDrgmpWcXxfD14C6TTGj4MIc3CAjWQbwSAHqJcXZN51IIL1V9Y5JBl+2KZNNp2FACekV2y+ybo2t29SB/K3ivN root@ubuntu-xenial
-----END SSH HOST KEY KEYS-----
[   53.301732] cloud-init[1574]: Cloud-init v. 19.1-1-gbaa47854-0ubuntu1~16.04.1 running 'modules:final' at Fri, 23 Aug 2019 16:22:32 +0000. Up 52.70 seconds.
[   53.302126] cloud-init[1574]: ci-info: no authorized ssh keys fingerprints found for user ubuntu.
[   53.302424] cloud-init[1574]: Cloud-init v. 19.1-1-gbaa47854-0ubuntu1~16.04.1 finished at Fri, 23 Aug 2019 16:22:33 +0000. Datasource DataSourceNoCloud [seed=/dev/sdb][dsmode=net].  Up 53.22 seconds
